2014-01-20 09:10:11,436 - [INFO] - from play in main 
Listening for HTTP on /0:0:0:0:0:0:0:0:9000

2014-01-20 09:16:14,463 - [ERROR] - from application in New I/O worker #1 


! @6h28oki7a - Internal server error, for (GET) [/] ->

sbt.PlayExceptions$CompilationException: Compilation error[error: method sendHtml in interface MailerAPI cannot be applied to given types;]
	at sbt.PlayReloader$$anon$1$$anonfun$reload$2$$anonfun$apply$15$$anonfun$apply$16.apply(PlayReloader.scala:335) ~[na:na]
	at sbt.PlayReloader$$anon$1$$anonfun$reload$2$$anonfun$apply$15$$anonfun$apply$16.apply(PlayReloader.scala:335) ~[na:na]
	at scala.Option.map(Option.scala:133) ~[scala-library.jar:na]
	at sbt.PlayReloader$$anon$1$$anonfun$reload$2$$anonfun$apply$15.apply(PlayReloader.scala:335) ~[na:na]
	at sbt.PlayReloader$$anon$1$$anonfun$reload$2$$anonfun$apply$15.apply(PlayReloader.scala:332) ~[na:na]
	at scala.Option.map(Option.scala:133) ~[scala-library.jar:na]
	at sbt.PlayReloader$$anon$1$$anonfun$reload$2.apply(PlayReloader.scala:332) ~[na:na]
	at sbt.PlayReloader$$anon$1$$anonfun$reload$2.apply(PlayReloader.scala:330) ~[na:na]
	at scala.Either$LeftProjection.map(Either.scala:374) ~[na:na]
	at sbt.PlayReloader$$anon$1.reload(PlayReloader.scala:330) ~[na:na]
	at play.core.ReloadableApplication$$anonfun$get$1.apply(ApplicationProvider.scala:106) ~[play_2.10.jar:2.1.5]
	at play.core.ReloadableApplication$$anonfun$get$1.apply(ApplicationProvider.scala:104) ~[play_2.10.jar:2.1.5]
	at scala.concurrent.impl.Future$PromiseCompletingRunnable.liftedTree1$1(Future.scala:24) ~[scala-library.jar:na]
	at scala.concurrent.impl.Future$PromiseCompletingRunnable.run(Future.scala:24) ~[scala-library.jar:na]
	at java.util.concurrent.ThreadPoolExecutor.runWorker(ThreadPoolExecutor.java:1145) [na:1.7.0_17]
	at java.util.concurrent.ThreadPoolExecutor$Worker.run(ThreadPoolExecutor.java:615) [na:1.7.0_17]
	at java.lang.Thread.run(Thread.java:722) [na:1.7.0_17]

2014-01-20 09:16:15,756 - [WARN] - from play in New I/O worker #1 
No application found at invoker init

2014-01-20 09:33:51,777 - [INFO] - from play in play-internal-execution-context-4 
database [default] connected at jdbc:mysql://mysql.snowbound.local/dev_regressionsite

2014-01-20 09:33:53,216 - [INFO] - from play in play-internal-execution-context-4 
Application started (Dev)

2014-01-20 10:33:10,722 - [INFO] - from play in play-internal-execution-context-1 
database [default] connected at jdbc:mysql://mysql.snowbound.local/dev_regressionsite

2014-01-20 10:33:10,860 - [INFO] - from play in play-internal-execution-context-1 
Application started (Dev)

2014-01-20 10:37:22,629 - [INFO] - from play in play-internal-execution-context-1 
database [default] connected at jdbc:mysql://mysql.snowbound.local/dev_regressionsite

2014-01-20 10:37:22,759 - [INFO] - from play in play-internal-execution-context-1 
Application started (Dev)

2014-01-20 10:39:14,998 - [INFO] - from play in play-internal-execution-context-2 
database [default] connected at jdbc:mysql://mysql.snowbound.local/dev_regressionsite

2014-01-20 10:39:15,098 - [INFO] - from play in play-internal-execution-context-2 
Application started (Dev)

2014-01-20 10:45:44,816 - [INFO] - from play in play-internal-execution-context-4 
database [default] connected at jdbc:mysql://mysql.snowbound.local/dev_regressionsite

2014-01-20 10:45:44,912 - [INFO] - from play in play-internal-execution-context-4 
Application started (Dev)

2014-01-20 11:01:22,514 - [INFO] - from play in play-internal-execution-context-3 
database [default] connected at jdbc:mysql://mysql.snowbound.local/dev_regressionsite

2014-01-20 11:01:22,633 - [INFO] - from play in play-internal-execution-context-3 
Application started (Dev)

2014-01-20 11:09:11,511 - [INFO] - from play in play-internal-execution-context-1 
database [default] connected at jdbc:mysql://mysql.snowbound.local/dev_regressionsite

2014-01-20 11:09:11,618 - [INFO] - from play in play-internal-execution-context-1 
Application started (Dev)

2014-01-20 11:24:22,210 - [INFO] - from play in play-internal-execution-context-1 
database [default] connected at jdbc:mysql://mysql.snowbound.local/dev_regressionsite

2014-01-20 11:24:22,366 - [INFO] - from play in play-internal-execution-context-1 
Application started (Dev)

2014-01-20 12:17:25,240 - [INFO] - from play in play-internal-execution-context-2 
database [default] connected at jdbc:mysql://mysql.snowbound.local/dev_regressionsite

2014-01-20 12:17:25,344 - [INFO] - from play in play-internal-execution-context-2 
Application started (Dev)

2014-01-20 12:37:01,299 - [INFO] - from play in play-internal-execution-context-4 
database [default] connected at jdbc:mysql://mysql.snowbound.local/dev_regressionsite

2014-01-20 12:37:01,407 - [INFO] - from play in play-internal-execution-context-4 
Application started (Dev)

2014-01-20 13:41:22,037 - [INFO] - from play in play-internal-execution-context-3 
database [default] connected at jdbc:mysql://mysql.snowbound.local/dev_regressionsite

2014-01-20 13:41:22,144 - [INFO] - from play in play-internal-execution-context-3 
Application started (Dev)

2014-01-20 13:57:17,723 - [INFO] - from play in play-internal-execution-context-4 
database [default] connected at jdbc:mysql://mysql.snowbound.local/dev_regressionsite

2014-01-20 13:57:17,862 - [INFO] - from play in play-internal-execution-context-4 
Application started (Dev)

2014-01-20 15:22:46,590 - [INFO] - from play in play-internal-execution-context-2 
database [default] connected at jdbc:mysql://mysql.snowbound.local/dev_regressionsite

2014-01-20 15:22:46,703 - [INFO] - from play in play-internal-execution-context-2 
Application started (Dev)

2014-01-20 16:13:51,757 - [INFO] - from play in play-internal-execution-context-2 
database [default] connected at jdbc:mysql://mysql.snowbound.local/dev_regressionsite

2014-01-20 16:13:51,878 - [INFO] - from play in play-internal-execution-context-2 
Application started (Dev)

2014-01-20 16:17:42,153 - [INFO] - from play in play-internal-execution-context-1 
database [default] connected at jdbc:mysql://mysql.snowbound.local/dev_regressionsite

2014-01-20 16:17:42,327 - [INFO] - from play in play-internal-execution-context-1 
Application started (Dev)

2014-01-20 17:04:51,535 - [INFO] - from play in play-internal-execution-context-3 
database [default] connected at jdbc:mysql://mysql.snowbound.local/dev_regressionsite

2014-01-20 17:04:51,654 - [INFO] - from play in play-internal-execution-context-3 
Application started (Dev)

2014-01-20 17:06:16,174 - [ERROR] - from application in New I/O worker #4 


! @6h2b8d709 - Internal server error, for (GET) [/recentRuns/Java/PDF/version.platform.name/format.name/5] ->

sbt.PlayExceptions$CompilationException: Compilation error[not enough arguments for method truncate: (x$1: java.util.List[models.Run], x$2: Int)java.util.List[models.Run].
Unspecified value parameter x$2.]
	at sbt.PlayReloader$$anon$1$$anonfun$reload$2$$anonfun$apply$15$$anonfun$apply$16.apply(PlayReloader.scala:335) ~[na:na]
	at sbt.PlayReloader$$anon$1$$anonfun$reload$2$$anonfun$apply$15$$anonfun$apply$16.apply(PlayReloader.scala:335) ~[na:na]
	at scala.Option.map(Option.scala:133) ~[scala-library.jar:na]
	at sbt.PlayReloader$$anon$1$$anonfun$reload$2$$anonfun$apply$15.apply(PlayReloader.scala:335) ~[na:na]
	at sbt.PlayReloader$$anon$1$$anonfun$reload$2$$anonfun$apply$15.apply(PlayReloader.scala:332) ~[na:na]
	at scala.Option.map(Option.scala:133) ~[scala-library.jar:na]
	at sbt.PlayReloader$$anon$1$$anonfun$reload$2.apply(PlayReloader.scala:332) ~[na:na]
	at sbt.PlayReloader$$anon$1$$anonfun$reload$2.apply(PlayReloader.scala:330) ~[na:na]
	at scala.Either$LeftProjection.map(Either.scala:374) ~[na:na]
	at sbt.PlayReloader$$anon$1.reload(PlayReloader.scala:330) ~[na:na]
	at play.core.ReloadableApplication$$anonfun$get$1.apply(ApplicationProvider.scala:106) ~[play_2.10.jar:2.1.5]
	at play.core.ReloadableApplication$$anonfun$get$1.apply(ApplicationProvider.scala:104) ~[play_2.10.jar:2.1.5]
	at scala.concurrent.impl.Future$PromiseCompletingRunnable.liftedTree1$1(Future.scala:24) ~[scala-library.jar:na]
	at scala.concurrent.impl.Future$PromiseCompletingRunnable.run(Future.scala:24) ~[scala-library.jar:na]
	at java.util.concurrent.ThreadPoolExecutor.runWorker(ThreadPoolExecutor.java:1145) [na:1.7.0_17]
	at java.util.concurrent.ThreadPoolExecutor$Worker.run(ThreadPoolExecutor.java:615) [na:1.7.0_17]
	at java.lang.Thread.run(Thread.java:722) [na:1.7.0_17]

2014-01-20 17:07:07,174 - [INFO] - from play in play-internal-execution-context-4 
database [default] connected at jdbc:mysql://mysql.snowbound.local/dev_regressionsite

2014-01-20 17:07:07,292 - [INFO] - from play in play-internal-execution-context-4 
Application started (Dev)

2014-01-20 17:07:48,849 - [INFO] - from play in play-internal-execution-context-1 
database [default] connected at jdbc:mysql://mysql.snowbound.local/dev_regressionsite

2014-01-20 17:07:48,988 - [INFO] - from play in play-internal-execution-context-1 
Application started (Dev)

2014-01-20 17:08:23,458 - [INFO] - from play in play-internal-execution-context-4 
database [default] connected at jdbc:mysql://mysql.snowbound.local/dev_regressionsite

2014-01-20 17:08:23,594 - [INFO] - from play in play-internal-execution-context-4 
Application started (Dev)

2014-01-20 17:09:03,142 - [INFO] - from play in play-internal-execution-context-4 
database [default] connected at jdbc:mysql://mysql.snowbound.local/dev_regressionsite

2014-01-20 17:09:03,306 - [INFO] - from play in play-internal-execution-context-4 
Application started (Dev)

2014-01-20 17:28:13,378 - [INFO] - from play in play-internal-execution-context-2 
database [default] connected at jdbc:mysql://mysql.snowbound.local/dev_regressionsite

2014-01-20 17:28:13,509 - [INFO] - from play in play-internal-execution-context-2 
Application started (Dev)

